<?xml version="1.0" encoding="UTF-8"?>
<testsuite name="Runner" tests="0" skipped="0" failures="0" errors="0" timestamp="1970-01-01T00:00:00" hostname="DESKTOP-714KNQG" time="0.0">
  <properties/>
  <system-out><![CDATA[]]></system-out>
  <system-err><![CDATA[???????????????????????????????????????????????????????????????????????????????
? Share your Cucumber Report with your team at https://reports.cucumber.io    ?
? Activate publishing with one of the following:                              ?
?                                                                             ?
? src/test/resources/cucumber.properties:    cucumber.publish.enabled=true    ?
? Environment variable:                      CUCUMBER_PUBLISH_ENABLED=true    ?
? JUnit:                                     @CucumberOptions(publish = true) ?
?                                                                             ?
? More information at https://reports.cucumber.io/docs/cucumber-jvm           ?
?                                                                             ?
? To disable this message, add cucumber.publish.quiet=true to                 ?
? src/test/resources/cucumber.properties                                      ?
???????????????????????????????????????????????????????????????????????????????
]]></system-err>
</testsuite>
